2026-04-06 10:49:55,095 - AUTONOMOUS - INFO - System requirements check passed
2026-04-06 10:49:55,097 - AUTONOMOUS - INFO - Created directory: data
2026-04-06 10:49:55,097 - AUTONOMOUS - INFO - Created directory: models
2026-04-06 10:49:55,097 - AUTONOMOUS - INFO - Created directory: logs
2026-04-06 10:49:55,097 - AUTONOMOUS - INFO - Created directory: config
2026-04-06 10:49:55,097 - AUTONOMOUS - INFO - Created directory: monitoring
2026-04-06 10:49:55,097 - AUTONOMOUS - INFO - Starting API server...
2026-04-06 10:50:00,129 - AUTONOMOUS - INFO - Waiting for API server... (1/30)
2026-04-06 10:50:07,624 - AUTONOMOUS - INFO - Starting Autonomous Self-Morphing AI Cybersecurity Engine...
2026-04-06 10:50:07,624 - AUTONOMOUS - INFO - System requirements check passed
2026-04-06 10:50:07,624 - AUTONOMOUS - INFO - Created directory: data
2026-04-06 10:50:07,624 - AUTONOMOUS - INFO - Created directory: models
2026-04-06 10:50:07,624 - AUTONOMOUS - INFO - Created directory: logs
2026-04-06 10:50:07,624 - AUTONOMOUS - INFO - Created directory: config
2026-04-06 10:50:07,624 - AUTONOMOUS - INFO - Created directory: monitoring
2026-04-06 10:50:07,624 - AUTONOMOUS - INFO - Starting API server...
2026-04-06 10:50:12,656 - AUTONOMOUS - INFO - Waiting for API server... (1/30)
2026-04-06 10:50:37,745 - AUTONOMOUS - INFO - Waiting for API server... (6/30)
2026-04-06 10:51:02,788 - AUTONOMOUS - INFO - Waiting for API server... (11/30)
2026-04-06 10:51:27,798 - AUTONOMOUS - INFO - Waiting for API server... (16/30)
